1f01520c-da62-4e85-9f7f-67d33db936b4:1748878966338:0:F:INSERT INTO transactions (transaction_id, client_id, commercant_id, montant, date_transaction, moyen_paiement, statut, recurrente)\nVALUES (2001, 1, 10, 100.00, TO_DATE('2024-01-01', 'YYYY-MM-DD'), 'CB', 'VALIDE', 'NON');
7ba9c3b1-51ed-4e2b-8aa1-c146d095a4d1:1748878966564:0:F:INSERT INTO transactions (transaction_id, client_id, commercant_id, montant, date_transaction, moyen_paiement, statut, recurrente)\nVALUES (2002, 1, 10, 100.00, TO_DATE('2024-01-31', 'YYYY-MM-DD'), 'CB', 'VALIDE', 'NON');
a8f545eb-bfe8-4dad-b36d-342d567c8361:1748878966712:0:F:INSERT INTO transactions (transaction_id, client_id, commercant_id, montant, date_transaction, moyen_paiement, statut, recurrente)\nVALUES (2003, 1, 10, 100.00, TO_DATE('2024-03-02', 'YYYY-MM-DD'), 'CB', 'VALIDE', 'NON');
e6df1aba-afca-4dd8-b3da-0c0506c7b3ac:1748878966826:0:F:INSERT INTO transactions (transaction_id, client_id, commercant_id, montant, date_transaction, moyen_paiement, statut, recurrente)\nVALUES (2004, 2, 11, 75.50, TO_DATE('2024-02-01', 'YYYY-MM-DD'), 'VIREMENT', 'VALIDE', 'NON');
39045811-d652-4996-ae20-55c11c00a271:1748878966939:0:F:INSERT INTO transactions (transaction_id, client_id, commercant_id, montant, date_transaction, moyen_paiement, statut, recurrente)\nVALUES (2005, 2, 11, 75.50, TO_DATE('2024-03-02', 'YYYY-MM-DD'), 'VIREMENT', 'VALIDE', 'NON');
d0204c2b-86bf-4e8c-b6f1-edabaaaf5d57:1748878967042:0:F:INSERT INTO transactions (transaction_id, client_id, commercant_id, montant, date_transaction, moyen_paiement, statut, recurrente)\nVALUES (2006, 2, 11, 75.50, TO_DATE('2024-04-01', 'YYYY-MM-DD'), 'VIREMENT', 'VALIDE', 'NON');
011c4d20-c002-4599-80c8-4032fddfb15c:1748878967131:0:F:INSERT INTO transactions (transaction_id, client_id, commercant_id, montant, date_transaction, moyen_paiement, statut, recurrente)\nVALUES (2007, 3, 12, 200.00, TO_DATE('2024-01-15', 'YYYY-MM-DD'), 'CB', 'VALIDE', 'NON');
10afa0ea-21e4-4147-ad0b-6d30b8b7cbbe:1748878967221:0:F:INSERT INTO transactions (transaction_id, client_id, commercant_id, montant, date_transaction, moyen_paiement, statut, recurrente)\nVALUES (2008, 3, 12, 200.00, TO_DATE('2024-02-14', 'YYYY-MM-DD'), 'CB', 'VALIDE', 'NON');
4f2f7cd6-6c3b-4fff-95c3-4f38f34b50b2:1748878967317:0:F:INSERT INTO transactions (transaction_id, client_id, commercant_id, montant, date_transaction, moyen_paiement, statut, recurrente)\nVALUES (2009, 3, 12, 200.00, TO_DATE('2024-03-15', 'YYYY-MM-DD'), 'CB', 'VALIDE', 'NON');
e0fea5fa-309a-460b-87df-23f77714484a:1748878967406:0:F:INSERT INTO transactions (transaction_id, client_id, commercant_id, montant, date_transaction, moyen_paiement, statut, recurrente)\nVALUES (2010, 3, 12, 200.00, TO_DATE('2024-04-14', 'YYYY-MM-DD'), 'CB', 'VALIDE', 'NON');
d8e5d568-5083-4b56-bd51-b08f4404ae78:1748879060911:48:S:SELECT *\nFROM transactions\nWHERE recurrente = 'OUI';
1fa25866-b91d-48e5-90c6-fe3e6f1e4128:1748879094291:2002:S:SELECT client_id, commercant_id, montant, date_transaction\nFROM transactions\nORDER BY client_id, commercant_id, date_transaction;
c033cd9b-4b68-4f64-9c35-ca9dd4722453:1748879238519:0:F:SELECT client_id, commercant_id, montant, date_transaction, recurrente\nFROM transactions\nORDER BY client_id, commercant_id, date_transaction;
fb561f82-2556-4359-b9d3-4a9409131b4a:1748879250994:1378:S:SELECT client_id, commercant_id, montant, date_transaction\nFROM transactions\nORDER BY client_id, commercant_id, date_transaction;
18f7ee3f-2b36-40c9-8067-cc775f14aa01:1748879258889:1500:S:SELECT client_id, commercant_id, montant, date_transaction, recurrente\nFROM transactions\nORDER BY client_id, commercant_id, date_transaction;
2b5c02d4-e21b-4cf6-9a3b-1b5a7009e602:1748879285644:4:S:SELECT *\nFROM transactions\nWHERE recurrente = 'OUI';
71406f80-2395-4b9e-8562-caed38b256a0:1748879388410:0:F:INSERT INTO transactions (transaction_id, client_id, commercant_id, montant, date_transaction, moyen_paiement, statut, recurrente)\nVALUES (3001, 1, 10, 50.00, TO_DATE('2024-01-01', 'YYYY-MM-DD'), 'CB', 'VALIDE', 'NON');
c892ae05-6330-4e25-929e-783515fe2c40:1748879388529:0:F:INSERT INTO transactions (transaction_id, client_id, commercant_id, montant, date_transaction, moyen_paiement, statut, recurrente)\nVALUES (3002, 1, 10, 50.00, TO_DATE('2024-01-30', 'YYYY-MM-DD'), 'CB', 'VALIDE', 'NON');
7745419e-f389-48ec-a09f-add49b25b2f6:1748879388628:0:F:INSERT INTO transactions (transaction_id, client_id, commercant_id, montant, date_transaction, moyen_paiement, statut, recurrente)\nVALUES (3003, 1, 10, 50.00, TO_DATE('2024-02-28', 'YYYY-MM-DD'), 'CB', 'VALIDE', 'NON');
bdeae5d9-bb15-4b33-8e65-90d9e78cab58:1748879428577:0:F:INSERT INTO transactions (transaction_id, client_id, commercant_id, montant, date_transaction, moyen_paiement, statut, recurrente)\nVALUES (4001, 1, 10, 50.00, TO_DATE('2024-01-01', 'YYYY-MM-DD'), 'CB', 'VALIDE', 'NON');
194cb8de-6903-4740-9881-15ce0fe71745:1748879428659:0:F:INSERT INTO transactions (transaction_id, client_id, commercant_id, montant, date_transaction, moyen_paiement, statut, recurrente)\nVALUES (4002, 1, 10, 50.00, TO_DATE('2024-01-30', 'YYYY-MM-DD'), 'CB', 'VALIDE', 'NON');
676f44e2-5ec7-41d6-bc8b-ba4331b24710:1748879428744:0:F:INSERT INTO transactions (transaction_id, client_id, commercant_id, montant, date_transaction, moyen_paiement, statut, recurrente)\nVALUES (4003, 1, 10, 50.00, TO_DATE('2024-02-28', 'YYYY-MM-DD'), 'CB', 'VALIDE', 'NON');
6edef197-322a-4529-9060-faab43f7263e:1748879473161:1026:S:SELECT transaction_id FROM transactions ORDER BY transaction_id;
c5acb187-086b-4fd1-a307-060871325c72:1748879511446:2:S:INSERT INTO transactions (transaction_id, client_id, commercant_id, montant, date_transaction, moyen_paiement, statut, recurrente)\nVALUES (50001, 1, 10, 50.00, TO_DATE('2024-01-01', 'YYYY-MM-DD'), 'CB', 'VALIDE', 'NON');
03a04ab6-5286-411b-b507-2f70e3e48b49:1748879511521:2:S:INSERT INTO transactions (transaction_id, client_id, commercant_id, montant, date_transaction, moyen_paiement, statut, recurrente)\nVALUES (50002, 1, 10, 50.00, TO_DATE('2024-01-31', 'YYYY-MM-DD'), 'CB', 'VALIDE', 'NON');
479b9d91-181d-4282-a763-587738d079fa:1748879511599:2:S:INSERT INTO transactions (transaction_id, client_id, commercant_id, montant, date_transaction, moyen_paiement, statut, recurrente)\nVALUES (50003, 1, 10, 50.00, TO_DATE('2024-03-02', 'YYYY-MM-DD'), 'CB', 'VALIDE', 'NON');
07831033-fa99-4c8e-921f-ade469813de9:1748879544522:5:S:SELECT * FROM transactions WHERE recurrente = 'OUI';
26e47f2e-6697-4a1d-9231-6226f3e8096b:1748879581357:70:S:DESC transactions;
d1b8c154-1b4d-4fd3-8396-402a7d390530:1748879697070:16:S:DESC transactions;
b096d873-fc62-45d4-9953-5a4c3cfef452:1748880113606:2:S:INSERT INTO transactions (transaction_id, client_id, commercant_id, montant, date_transaction, moyen_paiement, statut, recurrente)\nVALUES (60001, 1, 10, 50.00, TO_DATE('2024-01-01', 'YYYY-MM-DD'), 'CB', 'VALIDE', 'NON');
4421ba73-703a-4736-ad97-79a602ed6d49:1748880113693:2:S:INSERT INTO transactions (transaction_id, client_id, commercant_id, montant, date_transaction, moyen_paiement, statut, recurrente)\nVALUES (60002, 1, 10, 50.00, TO_DATE('2024-01-31', 'YYYY-MM-DD'), 'CB', 'VALIDE', 'NON');
70b98a70-ba05-4796-b41d-10d2080c96fa:1748880113793:2:S:INSERT INTO transactions (transaction_id, client_id, commercant_id, montant, date_transaction, moyen_paiement, statut, recurrente)\nVALUES (60003, 1, 10, 50.00, TO_DATE('2024-03-02', 'YYYY-MM-DD'), 'CB', 'VALIDE', 'NON');
5405b2e0-b519-417f-8557-4a27c5e435d7:1748880113877:1:S:INSERT INTO transactions (transaction_id, client_id, commercant_id, montant, date_transaction, moyen_paiement, statut, recurrente)\nVALUES (60004, 1, 10, 50.00, TO_DATE('2024-04-01', 'YYYY-MM-DD'), 'CB', 'VALIDE', 'NON');
9a6ae98c-1b4a-4229-bb69-06d7e790e861:1748880113955:2:S:INSERT INTO transactions (transaction_id, client_id, commercant_id, montant, date_transaction, moyen_paiement, statut, recurrente)\nVALUES (60005, 1, 10, 50.00, TO_DATE('2024-05-01', 'YYYY-MM-DD'), 'CB', 'VALIDE', 'NON');
b5154a5f-f43e-4589-a16e-80dc8b8d8fe7:1748880114035:1:S:INSERT INTO transactions (transaction_id, client_id, commercant_id, montant, date_transaction, moyen_paiement, statut, recurrente)\nVALUES (60006, 1, 10, 50.00, TO_DATE('2024-05-31', 'YYYY-MM-DD'), 'CB', 'VALIDE', 'NON');
9bfdea1a-16c2-4509-9762-1a96493d1ed4:1748880114116:2:S:INSERT INTO transactions (transaction_id, client_id, commercant_id, montant, date_transaction, moyen_paiement, statut, recurrente)\nVALUES (60007, 1, 10, 50.00, TO_DATE('2024-06-30', 'YYYY-MM-DD'), 'CB', 'VALIDE', 'NON');
6a96edc4-d381-4dc3-836c-6603155f4797:1748880114202:1:S:INSERT INTO transactions (transaction_id, client_id, commercant_id, montant, date_transaction, moyen_paiement, statut, recurrente)\nVALUES (60008, 1, 10, 50.00, TO_DATE('2024-07-30', 'YYYY-MM-DD'), 'CB', 'VALIDE', 'NON');
b75be44b-cae1-4b7c-9cc5-4c5e9fb301a9:1748880114276:1:S:INSERT INTO transactions (transaction_id, client_id, commercant_id, montant, date_transaction, moyen_paiement, statut, recurrente)\nVALUES (60009, 1, 10, 50.00, TO_DATE('2024-08-29', 'YYYY-MM-DD'), 'CB', 'VALIDE', 'NON');
ae04b3aa-7e50-449d-bd17-d991136e082a:1748880114352:11:S:INSERT INTO transactions (transaction_id, client_id, commercant_id, montant, date_transaction, moyen_paiement, statut, recurrente)\nVALUES (60010, 1, 10, 50.00, TO_DATE('2024-09-28', 'YYYY-MM-DD'), 'CB', 'VALIDE', 'NON');
0f30c335-d51c-4b02-ab6a-c59d7e0fa571:1748880114431:3:S:INSERT INTO transactions (transaction_id, client_id, commercant_id, montant, date_transaction, moyen_paiement, statut, recurrente)\nVALUES (60011, 1, 10, 50.00, TO_DATE('2024-10-28', 'YYYY-MM-DD'), 'CB', 'VALIDE', 'NON');
631a2025-4c92-431c-9713-2597ed4d4d23:1748880114507:3:S:INSERT INTO transactions (transaction_id, client_id, commercant_id, montant, date_transaction, moyen_paiement, statut, recurrente)\nVALUES (60012, 1, 10, 50.00, TO_DATE('2024-11-27', 'YYYY-MM-DD'), 'CB', 'VALIDE', 'NON');
b5a1a7c6-37a9-482b-b61e-fcdc4dcab9f8:1748880114580:2:S:INSERT INTO transactions (transaction_id, client_id, commercant_id, montant, date_transaction, moyen_paiement, statut, recurrente)\nVALUES (60013, 1, 10, 50.00, TO_DATE('2024-12-27', 'YYYY-MM-DD'), 'CB', 'VALIDE', 'NON');
a5fe60a4-632e-46e2-9871-639c56867296:1748880114656:3:S:INSERT INTO transactions (transaction_id, client_id, commercant_id, montant, date_transaction, moyen_paiement, statut, recurrente)\nVALUES (60014, 1, 10, 50.00, TO_DATE('2025-01-26', 'YYYY-MM-DD'), 'CB', 'VALIDE', 'NON');
396a176a-48de-4193-90d7-0716bebec488:1748880114727:2:S:INSERT INTO transactions (transaction_id, client_id, commercant_id, montant, date_transaction, moyen_paiement, statut, recurrente)\nVALUES (60015, 1, 10, 50.00, TO_DATE('2025-02-25', 'YYYY-MM-DD'), 'CB', 'VALIDE', 'NON');
1f8a5fc0-831c-4cec-a7b4-9f48bb01de6d:1748880114800:2:S:INSERT INTO transactions (transaction_id, client_id, commercant_id, montant, date_transaction, moyen_paiement, statut, recurrente)\nVALUES (60016, 1, 10, 50.00, TO_DATE('2025-03-27', 'YYYY-MM-DD'), 'CB', 'VALIDE', 'NON');
f161c8bd-f951-49c0-b04a-5aaa3cab468f:1748880114871:1:S:INSERT INTO transactions (transaction_id, client_id, commercant_id, montant, date_transaction, moyen_paiement, statut, recurrente)\nVALUES (60017, 1, 10, 50.00, TO_DATE('2025-04-26', 'YYYY-MM-DD'), 'CB', 'VALIDE', 'NON');
85794b1f-e43a-46e7-acc2-3d9d4f0bd718:1748880114943:2:S:INSERT INTO transactions (transaction_id, client_id, commercant_id, montant, date_transaction, moyen_paiement, statut, recurrente)\nVALUES (60018, 1, 10, 50.00, TO_DATE('2025-05-26', 'YYYY-MM-DD'), 'CB', 'VALIDE', 'NON');
7e9b8bac-bb6f-4080-8ac2-77f961288894:1748880115014:2:S:INSERT INTO transactions (transaction_id, client_id, commercant_id, montant, date_transaction, moyen_paiement, statut, recurrente)\nVALUES (60019, 1, 10, 50.00, TO_DATE('2025-06-25', 'YYYY-MM-DD'), 'CB', 'VALIDE', 'NON');
00f70b9a-afa5-4ee8-9ef8-f45621afa49b:1748880115085:2:S:INSERT INTO transactions (transaction_id, client_id, commercant_id, montant, date_transaction, moyen_paiement, statut, recurrente)\nVALUES (60020, 1, 10, 50.00, TO_DATE('2025-07-25', 'YYYY-MM-DD'), 'CB', 'VALIDE', 'NON');
624d5779-2748-4327-9af2-811d51043bce:1748880115132:2:S:COMMIT;
